<?xml version="1.0" encoding="UTF-8"?>
<!-- Generated by org.testng.reporters.JUnitXMLReporter -->
<testsuite hostname="PoornimaHP" ignored="0" name="Test" tests="5" failures="0" timestamp="2022-10-31T13:38:38 IST" time="6.162" errors="0">
  <testcase name="runCreateJIRAIssue" time="2.499" classname="jira_RestAssured.CreateJIRAIssue"/>
  <testcase name="runGETJIRAIssue" time="0.489" classname="jira_RestAssured.GETIssueBasedonKey"/>
  <testcase name="runUpdateJIRAIssue" time="0.607" classname="jira_RestAssured.UpdateJIRAIssue"/>
  <testcase name="runGETJIRAIssue" time="0.614" classname="jira_RestAssured.GETIssueBasedonKeyPostUpdate"/>
  <testcase name="runDeleteIssue" time="0.933" classname="jira_RestAssured.DeleteIssue"/>
</testsuite> <!-- Test -->
