<?xml version="1.0" encoding="UTF-8"?>
<!-- Generated by org.testng.reporters.JUnitXMLReporter -->
<testsuite hostname="PoornimaHP" ignored="0" name="Test" tests="5" failures="0" timestamp="2022-10-31T15:14:12 IST" time="6.088" errors="0">
  <testcase name="runCreateJIRAIssue" time="2.74" classname="jira_RestAssured.CreateJIRAIssue"/>
  <testcase name="runGETJIRAIssue" time="0.49" classname="jira_RestAssured.GETIssueBasedonKey"/>
  <testcase name="runUpdateJIRAIssue" time="0.622" classname="jira_RestAssured.UpdateJIRAIssue"/>
  <testcase name="runGETJIRAIssue" time="0.559" classname="jira_RestAssured.GETIssueBasedonKeyPostUpdate"/>
  <testcase name="runDeleteIssue" time="0.718" classname="jira_RestAssured.DeleteIssue"/>
</testsuite> <!-- Test -->
