<?xml version="1.0" encoding="UTF-8"?>
<!-- Generated by org.testng.reporters.JUnitXMLReporter -->
<testsuite hostname="PoornimaHP" ignored="0" name="Incidents" tests="5" failures="0" timestamp="2022-11-14T12:27:09 IST" time="11.855" errors="0">
  <testcase name="createLead" time="7.965" classname="services.SFLeadMgmt"/>
  <testcase name="getLeadBeforeDelete" time="0.92" classname="services.SFLeadMgmt"/>
  <testcase name="deleteLead" time="0.987" classname="services.SFLeadMgmt"/>
  <testcase name="getAllLeads" time="0.831" classname="services.SFLeadMgmt"/>
  <testcase name="getDeletedLead" time="0.796" classname="services.SFLeadMgmt"/>
</testsuite> <!-- Incidents -->
