<?xml version="1.0" encoding="UTF-8"?>
<testng-results skipped="0" failed="0" ignored="0" total="5" passed="5">
  <reporter-output>
  </reporter-output>
  <suite name="Suite" duration-ms="6162" started-at="2022-10-31T13:38:32 IST" finished-at="2022-10-31T13:38:38 IST">
    <groups>
    </groups>
    <test name="Test" duration-ms="6162" started-at="2022-10-31T13:38:32 IST" finished-at="2022-10-31T13:38:38 IST">
      <class name="jira_RestAssured.GETIssueBasedonKey">
        <test-method status="PASS" signature="initialSetUp()[pri:0, instance:jira_RestAssured.GETIssueBasedonKey@6f195bc3]" name="initialSetUp" is-config="true" duration-ms="5" started-at="2022-10-31T13:38:35 IST" finished-at="2022-10-31T13:38:35 IST">
          <reporter-output>
          </reporter-output>
        </test-method> <!-- initialSetUp -->
        <test-method status="PASS" signature="runGETJIRAIssue()[pri:0, instance:jira_RestAssured.GETIssueBasedonKey@6f195bc3]" name="runGETJIRAIssue" duration-ms="489" started-at="2022-10-31T13:38:35 IST" depends-on-methods="jira_RestAssured.CreateJIRAIssue.runCreateJIRAIssue" finished-at="2022-10-31T13:38:35 IST">
          <reporter-output>
          </reporter-output>
        </test-method> <!-- runGETJIRAIssue -->
      </class> <!-- jira_RestAssured.GETIssueBasedonKey -->
      <class name="jira_RestAssured.GETIssueBasedonKeyPostUpdate">
        <test-method status="PASS" signature="initialSetUp()[pri:0, instance:jira_RestAssured.GETIssueBasedonKeyPostUpdate@1a8a8f7c]" name="initialSetUp" is-config="true" duration-ms="2" started-at="2022-10-31T13:38:36 IST" finished-at="2022-10-31T13:38:36 IST">
          <reporter-output>
          </reporter-output>
        </test-method> <!-- initialSetUp -->
        <test-method status="PASS" signature="runGETJIRAIssue()[pri:0, instance:jira_RestAssured.GETIssueBasedonKeyPostUpdate@1a8a8f7c]" name="runGETJIRAIssue" duration-ms="614" started-at="2022-10-31T13:38:36 IST" depends-on-methods="jira_RestAssured.UpdateJIRAIssue.runUpdateJIRAIssue" finished-at="2022-10-31T13:38:37 IST">
          <reporter-output>
          </reporter-output>
        </test-method> <!-- runGETJIRAIssue -->
      </class> <!-- jira_RestAssured.GETIssueBasedonKeyPostUpdate -->
      <class name="jira_RestAssured.DeleteIssue">
        <test-method status="PASS" signature="initialSetUp()[pri:0, instance:jira_RestAssured.DeleteIssue@51e2adc7]" name="initialSetUp" is-config="true" duration-ms="2" started-at="2022-10-31T13:38:37 IST" finished-at="2022-10-31T13:38:37 IST">
          <reporter-output>
          </reporter-output>
        </test-method> <!-- initialSetUp -->
        <test-method status="PASS" signature="runDeleteIssue()[pri:0, instance:jira_RestAssured.DeleteIssue@51e2adc7]" name="runDeleteIssue" duration-ms="933" started-at="2022-10-31T13:38:37 IST" depends-on-methods="jira_RestAssured.GETIssueBasedonKeyPostUpdate.runGETJIRAIssue" finished-at="2022-10-31T13:38:38 IST">
          <reporter-output>
          </reporter-output>
        </test-method> <!-- runDeleteIssue -->
      </class> <!-- jira_RestAssured.DeleteIssue -->
      <class name="jira_RestAssured.CreateJIRAIssue">
        <test-method status="PASS" signature="initialSetUp()[pri:0, instance:jira_RestAssured.CreateJIRAIssue@2353b3e6]" name="initialSetUp" is-config="true" duration-ms="938" started-at="2022-10-31T13:38:32 IST" finished-at="2022-10-31T13:38:32 IST">
          <reporter-output>
          </reporter-output>
        </test-method> <!-- initialSetUp -->
        <test-method status="PASS" signature="runCreateJIRAIssue()[pri:0, instance:jira_RestAssured.CreateJIRAIssue@2353b3e6]" name="runCreateJIRAIssue" duration-ms="2499" started-at="2022-10-31T13:38:32 IST" finished-at="2022-10-31T13:38:35 IST">
          <reporter-output>
          </reporter-output>
        </test-method> <!-- runCreateJIRAIssue -->
      </class> <!-- jira_RestAssured.CreateJIRAIssue -->
      <class name="jira_RestAssured.UpdateJIRAIssue">
        <test-method status="PASS" signature="initialSetUp()[pri:0, instance:jira_RestAssured.UpdateJIRAIssue@27a8c74e]" name="initialSetUp" is-config="true" duration-ms="2" started-at="2022-10-31T13:38:36 IST" finished-at="2022-10-31T13:38:36 IST">
          <reporter-output>
          </reporter-output>
        </test-method> <!-- initialSetUp -->
        <test-method status="PASS" signature="runUpdateJIRAIssue()[pri:0, instance:jira_RestAssured.UpdateJIRAIssue@27a8c74e]" name="runUpdateJIRAIssue" duration-ms="607" started-at="2022-10-31T13:38:36 IST" depends-on-methods="jira_RestAssured.GETIssueBasedonKey.runGETJIRAIssue" finished-at="2022-10-31T13:38:36 IST">
          <reporter-output>
          </reporter-output>
        </test-method> <!-- runUpdateJIRAIssue -->
      </class> <!-- jira_RestAssured.UpdateJIRAIssue -->
    </test> <!-- Test -->
  </suite> <!-- Suite -->
</testng-results>
